*****starting backup without Data ( Only Table Structure) at 10-17-2014 14:05 IST 

 Mysql table structure backed up successfully..

 Wallet table structure backed up successfully..

 common_schema table structure backed up successfully..

backup job completed at 10-17-2014 14:05 IST 

*****starting backup without Data ( Only Table Structure) at 10-18-2014 02:05 IST 

 Mysql table structure backed up successfully..

 Wallet table structure backed up successfully..

 common_schema table structure backed up successfully..

backup job completed at 10-18-2014 02:05 IST 

*****starting backup without Data ( Only Table Structure) at 10-19-2014 02:05 IST 

 Mysql table structure backed up successfully..

 Wallet table structure backed up successfully..

 common_schema table structure backed up successfully..

backup job completed at 10-19-2014 02:05 IST 

*****starting backup without Data ( Only Table Structure) at 10-20-2014 02:05 IST 

 Mysql table structure backed up successfully..

 Wallet table structure backed up successfully..

 common_schema table structure backed up successfully..

backup job completed at 10-20-2014 02:05 IST 

*****starting backup without Data ( Only Table Structure) at 10-21-2014 02:05 IST 

 Mysql table structure backed up successfully..

 Wallet table structure backed up successfully..

 common_schema table structure backed up successfully..

backup job completed at 10-21-2014 02:05 IST 

*****starting backup without Data ( Only Table Structure) at 10-22-2014 02:05 IST 

 Mysql table structure backed up successfully..

 Wallet table structure backed up successfully..

 common_schema table structure backed up successfully..

backup job completed at 10-22-2014 02:05 IST 

*****starting backup without Data ( Only Table Structure) at 10-23-2014 02:05 IST 

 Mysql table structure backed up successfully..

 Wallet table structure backed up successfully..

 common_schema table structure backed up successfully..

backup job completed at 10-23-2014 02:05 IST 

*****starting backup without Data ( Only Table Structure) at 10-24-2014 02:05 IST 

 Mysql table structure backed up successfully..

 Wallet table structure backed up successfully..

 common_schema table structure backed up successfully..

backup job completed at 10-24-2014 02:05 IST 

*****starting backup without Data ( Only Table Structure) at 10-25-2014 02:05 IST 

 Mysql table structure backed up successfully..

 Wallet table structure backed up successfully..

 common_schema table structure backed up successfully..

backup job completed at 10-25-2014 02:05 IST 

*****starting backup without Data ( Only Table Structure) at 10-26-2014 02:05 IST 

 Mysql table structure backed up successfully..

 Wallet table structure backed up successfully..

 common_schema table structure backed up successfully..

backup job completed at 10-26-2014 02:05 IST 

*****starting backup without Data ( Only Table Structure) at 10-27-2014 02:05 IST 

 Mysql table structure backed up successfully..

 Wallet table structure backed up successfully..

 common_schema table structure backed up successfully..

backup job completed at 10-27-2014 02:05 IST 

*****starting backup without Data ( Only Table Structure) at 10-28-2014 02:05 IST 

 Mysql table structure backed up successfully..

 Wallet table structure backed up successfully..

 common_schema table structure backed up successfully..

backup job completed at 10-28-2014 02:05 IST 

*****starting backup without Data ( Only Table Structure) at 10-29-2014 02:05 IST 

 Mysql table structure backed up successfully..

 Wallet table structure backed up successfully..

 common_schema table structure backed up successfully..

backup job completed at 10-29-2014 02:05 IST 

*****starting backup without Data ( Only Table Structure) at 10-30-2014 02:05 IST 

 Mysql table structure backed up successfully..

 Wallet table structure backed up successfully..

 common_schema table structure backed up successfully..

backup job completed at 10-30-2014 02:05 IST 

*****starting backup without Data ( Only Table Structure) at 10-31-2014 02:05 IST 

 Mysql table structure backed up successfully..

 Wallet table structure backed up successfully..

 common_schema table structure backed up successfully..

backup job completed at 10-31-2014 02:05 IST 

*****starting backup without Data ( Only Table Structure) at 11-01-2014 02:05 IST 

 Mysql table structure backed up successfully..

 Wallet table structure backed up successfully..

 common_schema table structure backed up successfully..

backup job completed at 11-01-2014 02:05 IST 

*****starting backup without Data ( Only Table Structure) at 11-02-2014 02:05 IST 

 Mysql table structure backed up successfully..

 Wallet table structure backed up successfully..

 common_schema table structure backed up successfully..

backup job completed at 11-02-2014 02:05 IST 

*****starting backup without Data ( Only Table Structure) at 11-03-2014 02:05 IST 

 Mysql table structure backed up successfully..

 Wallet table structure backed up successfully..

 common_schema table structure backed up successfully..

backup job completed at 11-03-2014 02:05 IST 

*****starting backup without Data ( Only Table Structure) at 11-04-2014 02:05 IST 

 Mysql table structure backed up successfully..

 Wallet table structure backed up successfully..

 common_schema table structure backed up successfully..

backup job completed at 11-04-2014 02:05 IST 

*****starting backup without Data ( Only Table Structure) at 11-05-2014 02:05 IST 

 Mysql table structure backed up successfully..

 Wallet table structure backed up successfully..

 common_schema table structure backed up successfully..

backup job completed at 11-05-2014 02:05 IST 

*****starting backup without Data ( Only Table Structure) at 11-06-2014 02:05 IST 

 Mysql table structure backed up successfully..

 Wallet table structure backed up successfully..

 common_schema table structure backed up successfully..

backup job completed at 11-06-2014 02:05 IST 

*****starting backup without Data ( Only Table Structure) at 11-07-2014 02:05 IST 

 Mysql table structure backed up successfully..

 Wallet table structure backed up successfully..

 common_schema table structure backed up successfully..

backup job completed at 11-07-2014 02:05 IST 

*****starting backup without Data ( Only Table Structure) at 11-08-2014 02:05 IST 

 Mysql table structure backed up successfully..

 Wallet table structure backed up successfully..

 common_schema table structure backed up successfully..

backup job completed at 11-08-2014 02:05 IST 

*****starting backup without Data ( Only Table Structure) at 11-09-2014 02:05 IST 

 Mysql table structure backed up successfully..

 Wallet table structure backed up successfully..

 common_schema table structure backed up successfully..

backup job completed at 11-09-2014 02:05 IST 

*****starting backup without Data ( Only Table Structure) at 11-10-2014 02:05 IST 

 Mysql table structure backed up successfully..

 Wallet table structure backed up successfully..

 common_schema table structure backed up successfully..

backup job completed at 11-10-2014 02:05 IST 

*****starting backup without Data ( Only Table Structure) at 11-11-2014 02:05 IST 

 Mysql table structure backed up successfully..

 Wallet table structure backed up successfully..

 common_schema table structure backed up successfully..

backup job completed at 11-11-2014 02:05 IST 

*****starting backup without Data ( Only Table Structure) at 11-12-2014 02:05 IST 

 Mysql table structure backed up successfully..

 Wallet table structure backed up successfully..

 common_schema table structure backed up successfully..

backup job completed at 11-12-2014 02:05 IST 

*****starting backup without Data ( Only Table Structure) at 11-13-2014 02:05 IST 

 Mysql table structure backed up successfully..

 Wallet table structure backed up successfully..

 common_schema table structure backed up successfully..

backup job completed at 11-13-2014 02:05 IST 

*****starting backup without Data ( Only Table Structure) at 11-14-2014 02:05 IST 

 Mysql table structure backed up successfully..

 Wallet table structure backed up successfully..

 common_schema table structure backed up successfully..

backup job completed at 11-14-2014 02:05 IST 

*****starting backup without Data ( Only Table Structure) at 11-15-2014 02:05 IST 

 Mysql table structure backed up successfully..

 Wallet table structure backed up successfully..

 common_schema table structure backed up successfully..

backup job completed at 11-15-2014 02:05 IST 

*****starting backup without Data ( Only Table Structure) at 11-16-2014 02:05 IST 

 Mysql table structure backed up successfully..

 Wallet table structure backed up successfully..

 common_schema table structure backed up successfully..

backup job completed at 11-16-2014 02:05 IST 

*****starting backup without Data ( Only Table Structure) at 11-17-2014 02:05 IST 

 Mysql table structure backed up successfully..

 Wallet table structure backed up successfully..

 common_schema table structure backed up successfully..

backup job completed at 11-17-2014 02:05 IST 

*****starting backup without Data ( Only Table Structure) at 11-18-2014 02:05 IST 

 Mysql table structure backed up successfully..

 Wallet table structure backed up successfully..

 common_schema table structure backed up successfully..

backup job completed at 11-18-2014 02:05 IST 

*****starting backup without Data ( Only Table Structure) at 11-19-2014 02:05 IST 

 Mysql table structure backed up successfully..

 Wallet table structure backed up successfully..

 common_schema table structure backed up successfully..

backup job completed at 11-19-2014 02:05 IST 

*****starting backup without Data ( Only Table Structure) at 11-20-2014 02:05 IST 

 Mysql table structure backed up successfully..

 Wallet table structure backed up successfully..

 common_schema table structure backed up successfully..

backup job completed at 11-20-2014 02:05 IST 

*****starting backup without Data ( Only Table Structure) at 11-21-2014 02:05 IST 

 Mysql table structure backed up successfully..

 Wallet table structure backed up successfully..

 common_schema table structure backed up successfully..

backup job completed at 11-21-2014 02:05 IST 

*****starting backup without Data ( Only Table Structure) at 11-22-2014 02:05 IST 

 Mysql table structure backed up successfully..

 Wallet table structure backed up successfully..

 common_schema table structure backed up successfully..

backup job completed at 11-22-2014 02:05 IST 

*****starting backup without Data ( Only Table Structure) at 11-23-2014 02:05 IST 

 Mysql table structure backed up successfully..

 Wallet table structure backed up successfully..

 common_schema table structure backed up successfully..

backup job completed at 11-23-2014 02:05 IST 

*****starting backup without Data ( Only Table Structure) at 11-24-2014 02:05 IST 

 Mysql table structure backed up successfully..

 Wallet table structure backed up successfully..

 common_schema table structure backed up successfully..

backup job completed at 11-24-2014 02:05 IST 

*****starting backup without Data ( Only Table Structure) at 11-25-2014 02:05 IST 

 Mysql table structure backed up successfully..

 Wallet table structure backed up successfully..

 common_schema table structure backed up successfully..

backup job completed at 11-25-2014 02:05 IST 

*****starting backup without Data ( Only Table Structure) at 11-26-2014 02:05 IST 

 Mysql table structure backed up successfully..

 Wallet table structure backed up successfully..

 common_schema table structure backed up successfully..

backup job completed at 11-26-2014 02:05 IST 

*****starting backup without Data ( Only Table Structure) at 11-27-2014 02:05 IST 

 Mysql table structure backed up successfully..

 Wallet table structure backed up successfully..

 common_schema table structure backed up successfully..

backup job completed at 11-27-2014 02:05 IST 

*****starting backup without Data ( Only Table Structure) at 11-28-2014 02:05 IST 

 Mysql table structure backed up successfully..

 Wallet table structure backed up successfully..

 common_schema table structure backed up successfully..

backup job completed at 11-28-2014 02:05 IST 

*****starting backup without Data ( Only Table Structure) at 11-29-2014 02:05 IST 

 Mysql table structure backed up successfully..

 Wallet table structure backed up successfully..

 common_schema table structure backed up successfully..

backup job completed at 11-29-2014 02:05 IST 

*****starting backup without Data ( Only Table Structure) at 11-30-2014 02:05 IST 

 Mysql table structure backed up successfully..

 Wallet table structure backed up successfully..

 common_schema table structure backed up successfully..

backup job completed at 11-30-2014 02:05 IST 

*****starting backup without Data ( Only Table Structure) at 12-01-2014 02:05 IST 

 Mysql table structure backed up successfully..

 Wallet table structure backed up successfully..

 common_schema table structure backed up successfully..

backup job completed at 12-01-2014 02:05 IST 

*****starting backup without Data ( Only Table Structure) at 12-02-2014 02:05 IST 

 Mysql table structure backed up successfully..

 Wallet table structure backed up successfully..

 common_schema table structure backed up successfully..

backup job completed at 12-02-2014 02:05 IST 

*****starting backup without Data ( Only Table Structure) at 12-03-2014 02:05 IST 

 Mysql table structure backed up successfully..

 Wallet table structure backed up successfully..

 common_schema table structure backed up successfully..

backup job completed at 12-03-2014 02:05 IST 

*****starting backup without Data ( Only Table Structure) at 12-04-2014 02:05 IST 

 Mysql table structure backed up successfully..

 Wallet table structure backed up successfully..

 common_schema table structure backed up successfully..

backup job completed at 12-04-2014 02:05 IST 

*****starting backup without Data ( Only Table Structure) at 12-05-2014 02:05 IST 

 Mysql table structure backed up successfully..

 Wallet table structure backed up successfully..

 common_schema table structure backed up successfully..

backup job completed at 12-05-2014 02:05 IST 

*****starting backup without Data ( Only Table Structure) at 12-06-2014 02:05 IST 

 Mysql table structure backed up successfully..

 Wallet table structure backed up successfully..

 common_schema table structure backed up successfully..

backup job completed at 12-06-2014 02:05 IST 

*****starting backup without Data ( Only Table Structure) at 12-07-2014 02:05 IST 

 Mysql table structure backed up successfully..

 Wallet table structure backed up successfully..

 common_schema table structure backed up successfully..

backup job completed at 12-07-2014 02:05 IST 

*****starting backup without Data ( Only Table Structure) at 12-08-2014 02:05 IST 

 Mysql table structure backed up successfully..

 Wallet table structure backed up successfully..

 common_schema table structure backed up successfully..

backup job completed at 12-08-2014 02:05 IST 

*****starting backup without Data ( Only Table Structure) at 12-09-2014 02:05 IST 

 Mysql table structure backed up successfully..

 Wallet table structure backed up successfully..

 common_schema table structure backed up successfully..

backup job completed at 12-09-2014 02:05 IST 

*****starting backup without Data ( Only Table Structure) at 12-10-2014 02:05 IST 

 Mysql table structure backed up successfully..

 Wallet table structure backed up successfully..

 common_schema table structure backed up successfully..

backup job completed at 12-10-2014 02:05 IST 

*****starting backup without Data ( Only Table Structure) at 12-11-2014 02:05 IST 

 Mysql table structure backed up successfully..

 Wallet table structure backed up successfully..

 common_schema table structure backed up successfully..

backup job completed at 12-11-2014 02:05 IST 

*****starting backup without Data ( Only Table Structure) at 12-12-2014 02:05 IST 

 Mysql table structure backed up successfully..

 Wallet table structure backed up successfully..

 common_schema table structure backed up successfully..

backup job completed at 12-12-2014 02:05 IST 

*****starting backup without Data ( Only Table Structure) at 12-13-2014 02:05 IST 

 Mysql table structure backed up successfully..

 Wallet table structure backed up successfully..

 common_schema table structure backed up successfully..

backup job completed at 12-13-2014 02:05 IST 

*****starting backup without Data ( Only Table Structure) at 12-14-2014 02:05 IST 

 Mysql table structure backed up successfully..

 Wallet table structure backed up successfully..

 common_schema table structure backed up successfully..

backup job completed at 12-14-2014 02:05 IST 

*****starting backup without Data ( Only Table Structure) at 12-15-2014 02:05 IST 

 Mysql table structure backed up successfully..

 Wallet table structure backed up successfully..

 common_schema table structure backed up successfully..

backup job completed at 12-15-2014 02:05 IST 

*****starting backup without Data ( Only Table Structure) at 12-16-2014 02:05 IST 

 Mysql table structure backed up successfully..

 Wallet table structure backed up successfully..

 common_schema table structure backed up successfully..

backup job completed at 12-16-2014 02:05 IST 

*****starting backup without Data ( Only Table Structure) at 12-17-2014 02:05 IST 

 Mysql table structure backed up successfully..

 Wallet table structure backed up successfully..

 common_schema table structure backed up successfully..

backup job completed at 12-17-2014 02:05 IST 

*****starting backup without Data ( Only Table Structure) at 12-18-2014 02:05 IST 

 Mysql table structure backed up successfully..

 Wallet table structure backed up successfully..

 common_schema table structure backed up successfully..

backup job completed at 12-18-2014 02:05 IST 

*****starting backup without Data ( Only Table Structure) at 12-19-2014 02:05 IST 

 Mysql table structure backed up successfully..

 Wallet table structure backed up successfully..

 common_schema table structure backed up successfully..

backup job completed at 12-19-2014 02:05 IST 

